<?xml version="1.0" encoding="UTF-8"?>
<!-- Generated by org.testng.reporters.JUnitReportReporter -->
<testsuite hostname="IN-WKS-100" failures="0" tests="5" name="com.api.qa.pages.RouterAPI" time="9.018" errors="0" timestamp="2020-01-03T19:24:43 IST" skipped="0">
  <testcase classname="com.api.qa.pages.RouterAPI" name="Login_Post" time="2.705"/>
  <testcase classname="com.api.qa.pages.RouterAPI" name="CreateContest_POST" time="1.595"/>
  <testcase classname="com.api.qa.pages.RouterAPI" name="ContestDetails_GET" time="1.670"/>
  <testcase classname="com.api.qa.pages.RouterAPI" name="UpdateContest_PUT" time="1.587"/>
  <testcase classname="com.api.qa.pages.RouterAPI" name="addGameToContest_POST" time="1.461"/>
</testsuite> <!-- com.api.qa.pages.RouterAPI -->
