<?xml version="1.0" encoding="UTF-8"?>
<!-- Generated by org.testng.reporters.JUnitReportReporter -->
<testsuite hostname="IN-WKS-100" failures="0" tests="2" name="com.api.qa.pages.RouterAPI" time="2.807" errors="0" timestamp="2019-12-30T19:32:55 IST" skipped="1">
  <testcase classname="com.api.qa.pages.RouterAPI" name="Login_Post" time="2.807"/>
  <testcase classname="com.api.qa.pages.RouterAPI" name="CreateContest_POST">
    <skipped/>
  </testcase> <!-- CreateContest_POST -->
</testsuite> <!-- com.api.qa.pages.RouterAPI -->
