<?xml version="1.0" encoding="UTF-8"?>
<!-- Generated by org.testng.reporters.JUnitReportReporter -->
<testsuite hostname="IN-WKS-100" failures="0" tests="10" name="com.api.qa.pages.RouterAPI" time="52.055" errors="0" timestamp="2020-02-05T18:43:21 IST" skipped="0">
  <testcase classname="com.api.qa.pages.RouterAPI" name="login_Post" time="2.523"/>
  <testcase classname="com.api.qa.pages.RouterAPI" name="createContest_POST" time="1.623"/>
  <testcase classname="com.api.qa.pages.RouterAPI" name="updateContestAddRewardToContest_PUT" time="1.697"/>
  <testcase classname="com.api.qa.pages.RouterAPI" name="contestDetails_GET" time="1.685"/>
  <testcase classname="com.api.qa.pages.RouterAPI" name="updateContest_PUT" time="1.692"/>
  <testcase classname="com.api.qa.pages.RouterAPI" name="addGameToContest_POST" time="1.987"/>
  <testcase classname="com.api.qa.pages.RouterAPI" name="updateGameToContest_PUT" time="1.633"/>
  <testcase classname="com.api.qa.pages.RouterAPI" name="addAssignment_POST" time="1.610"/>
  <testcase classname="com.api.qa.pages.RouterAPI" name="publish_POST" time="5.258"/>
  <testcase classname="com.api.qa.pages.RouterAPI" name="contest_DELETE" time="32.347"/>
</testsuite> <!-- com.api.qa.pages.RouterAPI -->
