<?xml version="1.0" encoding="UTF-8"?>
<!-- Generated by org.testng.reporters.JUnitReportReporter -->
<testsuite hostname="IN-WKS-100" failures="0" tests="10" name="com.api.qa.pages.RouterAPI" time="19.477" errors="0" timestamp="2020-02-10T19:16:49 IST" skipped="0">
  <testcase classname="com.api.qa.pages.RouterAPI" name="login_Post" time="2.224"/>
  <testcase classname="com.api.qa.pages.RouterAPI" name="createContest_POST" time="1.518"/>
  <testcase classname="com.api.qa.pages.RouterAPI" name="updateContestAddRewardToContest_PUT" time="1.570"/>
  <testcase classname="com.api.qa.pages.RouterAPI" name="contestDetails_GET" time="1.582"/>
  <testcase classname="com.api.qa.pages.RouterAPI" name="updateContest_PUT" time="1.846"/>
  <testcase classname="com.api.qa.pages.RouterAPI" name="addGameToContest_POST" time="1.505"/>
  <testcase classname="com.api.qa.pages.RouterAPI" name="updateGameToContest_PUT" time="1.515"/>
  <testcase classname="com.api.qa.pages.RouterAPI" name="addAssignment_POST" time="1.569"/>
  <testcase classname="com.api.qa.pages.RouterAPI" name="publish_POST" time="3.198"/>
  <testcase classname="com.api.qa.pages.RouterAPI" name="contest_DELETE" time="2.950"/>
</testsuite> <!-- com.api.qa.pages.RouterAPI -->
