<?xml version="1.0" encoding="UTF-8"?>
<!-- Generated by org.testng.reporters.JUnitReportReporter -->
<testsuite hostname="IN-WKS-100" failures="0" tests="10" name="com.api.qa.pages.RouterAPI" time="19.993" errors="0" timestamp="2020-02-18T19:25:03 IST" skipped="0">
  <testcase classname="com.api.qa.pages.RouterAPI" name="login_Post" time="2.318"/>
  <testcase classname="com.api.qa.pages.RouterAPI" name="createContest_POST" time="1.576"/>
  <testcase classname="com.api.qa.pages.RouterAPI" name="updateContestAddRewardToContest_PUT" time="1.528"/>
  <testcase classname="com.api.qa.pages.RouterAPI" name="contestDetails_GET" time="1.575"/>
  <testcase classname="com.api.qa.pages.RouterAPI" name="updateContest_PUT" time="1.596"/>
  <testcase classname="com.api.qa.pages.RouterAPI" name="addGameToContest_POST" time="1.551"/>
  <testcase classname="com.api.qa.pages.RouterAPI" name="updateGameToContest_PUT" time="1.542"/>
  <testcase classname="com.api.qa.pages.RouterAPI" name="addAssignment_POST" time="1.572"/>
  <testcase classname="com.api.qa.pages.RouterAPI" name="publish_POST" time="3.249"/>
  <testcase classname="com.api.qa.pages.RouterAPI" name="contest_DELETE" time="3.486"/>
</testsuite> <!-- com.api.qa.pages.RouterAPI -->
