<?xml version="1.0" encoding="UTF-8"?>
<!-- Generated by org.testng.reporters.JUnitReportReporter -->
<testsuite hostname="IN-WKS-100" failures="0" tests="6" name="com.api.qa.pages.RouterAPI" time="10.480" errors="0" timestamp="2020-01-08T17:43:19 IST" skipped="0">
  <testcase classname="com.api.qa.pages.RouterAPI" name="login_Post" time="2.686"/>
  <testcase classname="com.api.qa.pages.RouterAPI" name="createContest_POST" time="1.631"/>
  <testcase classname="com.api.qa.pages.RouterAPI" name="contestDetails_GET" time="1.568"/>
  <testcase classname="com.api.qa.pages.RouterAPI" name="updateContest_PUT" time="1.513"/>
  <testcase classname="com.api.qa.pages.RouterAPI" name="addGameToContest_POST" time="1.487"/>
  <testcase classname="com.api.qa.pages.RouterAPI" name="updateGameToContest_PUT" time="1.595"/>
</testsuite> <!-- com.api.qa.pages.RouterAPI -->
