<?xml version="1.0" encoding="UTF-8"?>
<!-- Generated by org.testng.reporters.JUnitReportReporter -->
<testsuite hostname="IN-WKS-100" failures="0" tests="10" name="com.api.qa.pages.RouterAPI" time="19.502" errors="0" timestamp="2020-02-27T19:45:29 IST" skipped="0">
  <testcase classname="com.api.qa.pages.RouterAPI" name="login_Post" time="2.344"/>
  <testcase classname="com.api.qa.pages.RouterAPI" name="createContest_POST" time="1.497"/>
  <testcase classname="com.api.qa.pages.RouterAPI" name="updateContestAddRewardToContest_PUT" time="1.884"/>
  <testcase classname="com.api.qa.pages.RouterAPI" name="contestDetails_GET" time="1.499"/>
  <testcase classname="com.api.qa.pages.RouterAPI" name="updateContest_PUT" time="1.535"/>
  <testcase classname="com.api.qa.pages.RouterAPI" name="addGameToContest_POST" time="1.449"/>
  <testcase classname="com.api.qa.pages.RouterAPI" name="updateGameToContest_PUT" time="1.456"/>
  <testcase classname="com.api.qa.pages.RouterAPI" name="addAssignment_POST" time="1.596"/>
  <testcase classname="com.api.qa.pages.RouterAPI" name="publish_POST" time="3.154"/>
  <testcase classname="com.api.qa.pages.RouterAPI" name="contest_DELETE" time="3.088"/>
</testsuite> <!-- com.api.qa.pages.RouterAPI -->
