<?xml version="1.0" encoding="UTF-8"?>
<!-- Generated by org.testng.reporters.JUnitReportReporter -->
<testsuite hostname="IN-WKS-100" failures="0" tests="8" name="com.api.qa.pages.RouterAPI" time="15.098" errors="0" timestamp="2020-01-09T19:07:00 IST" skipped="0">
  <testcase classname="com.api.qa.pages.RouterAPI" name="login_Post" time="2.282"/>
  <testcase classname="com.api.qa.pages.RouterAPI" name="createContest_POST" time="1.508"/>
  <testcase classname="com.api.qa.pages.RouterAPI" name="contestDetails_GET" time="1.432"/>
  <testcase classname="com.api.qa.pages.RouterAPI" name="updateContest_PUT" time="1.459"/>
  <testcase classname="com.api.qa.pages.RouterAPI" name="addGameToContest_POST" time="1.477"/>
  <testcase classname="com.api.qa.pages.RouterAPI" name="updateGameToContest_PUT" time="1.635"/>
  <testcase classname="com.api.qa.pages.RouterAPI" name="addAssignment_POST" time="1.630"/>
  <testcase classname="com.api.qa.pages.RouterAPI" name="publish_POST" time="3.675"/>
</testsuite> <!-- com.api.qa.pages.RouterAPI -->
