<?xml version="1.0" encoding="UTF-8"?>
<!-- Generated by org.testng.reporters.JUnitReportReporter -->
<testsuite hostname="IN-WKS-100" failures="0" tests="9" name="com.api.qa.pages.RouterAPI" time="16.320" errors="0" timestamp="2020-01-21T16:50:27 IST" skipped="0">
  <testcase classname="com.api.qa.pages.RouterAPI" name="login_Post" time="2.161"/>
  <testcase classname="com.api.qa.pages.RouterAPI" name="createContest_POST" time="1.513"/>
  <testcase classname="com.api.qa.pages.RouterAPI" name="updateContestAddRewardToContest_PUT" time="1.595"/>
  <testcase classname="com.api.qa.pages.RouterAPI" name="contestDetails_GET" time="1.549"/>
  <testcase classname="com.api.qa.pages.RouterAPI" name="updateContest_PUT" time="1.506"/>
  <testcase classname="com.api.qa.pages.RouterAPI" name="addGameToContest_POST" time="1.466"/>
  <testcase classname="com.api.qa.pages.RouterAPI" name="updateGameToContest_PUT" time="1.490"/>
  <testcase classname="com.api.qa.pages.RouterAPI" name="addAssignment_POST" time="1.506"/>
  <testcase classname="com.api.qa.pages.RouterAPI" name="publish_POST" time="3.534"/>
</testsuite> <!-- com.api.qa.pages.RouterAPI -->
