<?xml version="1.0" encoding="UTF-8"?>
<!-- Generated by org.testng.reporters.JUnitReportReporter -->
<testsuite hostname="IN-WKS-100" failures="0" tests="2" name="com.api.qa.pages.RouterAPI" time="4.484" errors="0" timestamp="2019-12-31T17:17:27 IST" skipped="0">
  <testcase classname="com.api.qa.pages.RouterAPI" name="Login_Post" time="2.854"/>
  <testcase classname="com.api.qa.pages.RouterAPI" name="CreateContest_POST" time="1.630"/>
</testsuite> <!-- com.api.qa.pages.RouterAPI -->
