<?xml version="1.0" encoding="UTF-8"?>
<!-- Generated by org.testng.reporters.JUnitReportReporter -->
<testsuite hostname="IN-WKS-100" failures="0" tests="8" name="com.api.qa.pages.RouterAPI" time="17.158" errors="0" timestamp="2020-01-09T20:03:04 IST" skipped="0">
  <testcase classname="com.api.qa.pages.RouterAPI" name="login_Post" time="2.240"/>
  <testcase classname="com.api.qa.pages.RouterAPI" name="createContest_POST" time="1.573"/>
  <testcase classname="com.api.qa.pages.RouterAPI" name="contestDetails_GET" time="1.594"/>
  <testcase classname="com.api.qa.pages.RouterAPI" name="updateContest_PUT" time="1.493"/>
  <testcase classname="com.api.qa.pages.RouterAPI" name="addGameToContest_POST" time="1.629"/>
  <testcase classname="com.api.qa.pages.RouterAPI" name="updateGameToContest_PUT" time="1.496"/>
  <testcase classname="com.api.qa.pages.RouterAPI" name="addAssignment_POST" time="1.499"/>
  <testcase classname="com.api.qa.pages.RouterAPI" name="publish_POST" time="5.634"/>
</testsuite> <!-- com.api.qa.pages.RouterAPI -->
