<?xml version="1.0" encoding="UTF-8"?>
<!-- Generated by org.testng.reporters.JUnitReportReporter -->
<testsuite hostname="IN-WKS-100" failures="0" tests="2" name="com.api.qa.pages.RouterAPI" time="3.370" errors="0" timestamp="2019-12-13T14:47:17 IST" skipped="0">
  <testcase classname="com.api.qa.pages.RouterAPI" name="Login_Post" time="3.366"/>
  <testcase classname="com.api.qa.pages.RouterAPI" name="CreateContest_POST" time="0.004"/>
</testsuite> <!-- com.api.qa.pages.RouterAPI -->
